2025-06-13 15:58:02,762 [INFO] [START] Snapshot job running...
2025-06-13 15:58:04,302 [INFO] [COVERAGE] SFRM5 - BID present in 74 / 244 rows
2025-06-13 15:58:04,303 [INFO] [COVERAGE] SFRM5 - ASK present in 168 / 244 rows
2025-06-13 15:58:05,823 [INFO] [COVERAGE] SFRU5 - BID present in 288 / 606 rows
2025-06-13 15:58:05,823 [INFO] [COVERAGE] SFRU5 - ASK present in 464 / 606 rows
2025-06-13 15:58:07,417 [INFO] [COVERAGE] SFRZ5 - BID present in 366 / 584 rows
2025-06-13 15:58:07,417 [INFO] [COVERAGE] SFRZ5 - ASK present in 490 / 584 rows
2025-06-13 15:58:08,742 [INFO] [COVERAGE] SFRH6 - BID present in 146 / 218 rows
2025-06-13 15:58:08,743 [INFO] [COVERAGE] SFRH6 - ASK present in 181 / 218 rows
2025-06-13 15:58:10,100 [INFO] [COVERAGE] SFRM6 - BID present in 94 / 154 rows
2025-06-13 15:58:10,100 [INFO] [COVERAGE] SFRM6 - ASK present in 121 / 154 rows
2025-06-13 15:58:11,420 [INFO] [COVERAGE] SFRU6 - BID present in 81 / 146 rows
2025-06-13 15:58:11,421 [INFO] [COVERAGE] SFRU6 - ASK present in 103 / 146 rows
2025-06-13 15:58:12,801 [INFO] [COVERAGE] SFRZ6 - BID present in 85 / 150 rows
2025-06-13 15:58:12,801 [INFO] [COVERAGE] SFRZ6 - ASK present in 105 / 150 rows
2025-06-13 15:58:14,221 [INFO] [COVERAGE] SFRH7 - BID present in 89 / 142 rows
2025-06-13 15:58:14,222 [INFO] [COVERAGE] SFRH7 - ASK present in 106 / 142 rows
2025-06-13 15:58:15,639 [INFO] [COVERAGE] SFRM7 - BID present in 1 / 140 rows
2025-06-13 15:58:15,639 [INFO] [COVERAGE] SFRM7 - ASK present in 0 / 140 rows
2025-06-13 15:58:17,024 [INFO] [COVERAGE] SFRU7 - BID present in 0 / 140 rows
2025-06-13 15:58:17,025 [INFO] [COVERAGE] SFRU7 - ASK present in 0 / 140 rows
2025-06-13 15:58:18,474 [INFO] [COVERAGE] SFRZ7 - BID present in 4 / 136 rows
2025-06-13 15:58:18,475 [INFO] [COVERAGE] SFRZ7 - ASK present in 0 / 136 rows
2025-06-13 15:58:19,895 [INFO] [COVERAGE] SFRH8 - BID present in 0 / 136 rows
2025-06-13 15:58:19,895 [INFO] [COVERAGE] SFRH8 - ASK present in 0 / 136 rows
2025-06-13 15:58:21,280 [INFO] [COVERAGE] SFRM8 - BID present in 0 / 136 rows
2025-06-13 15:58:21,280 [INFO] [COVERAGE] SFRM8 - ASK present in 0 / 136 rows
2025-06-13 15:58:22,669 [INFO] [COVERAGE] SFRU28 - BID present in 0 / 136 rows
2025-06-13 15:58:22,669 [INFO] [COVERAGE] SFRU28 - ASK present in 0 / 136 rows
2025-06-13 15:58:24,105 [INFO] [COVERAGE] SFRZ28 - BID present in 0 / 130 rows
2025-06-13 15:58:24,105 [INFO] [COVERAGE] SFRZ28 - ASK present in 1 / 130 rows
2025-06-13 15:58:25,504 [INFO] [COVERAGE] SFRH29 - BID present in 0 / 124 rows
2025-06-13 15:58:25,505 [INFO] [COVERAGE] SFRH29 - ASK present in 0 / 124 rows
2025-06-13 15:58:25,569 [INFO] Saved to cache.
2025-06-13 15:58:25,576 [INFO] Archived snapshots at 155825.
2025-06-13 15:58:25,576 [INFO] [READY] Snapshot available for analytics engine.
